<?xml version="1.0" encoding="UTF-8"?>
<testng-results ignored="0" total="1" passed="1" failed="0" skipped="0">
  <reporter-output>
  </reporter-output>
  <suite started-at="2023-07-30T17:00:40 IST" name="Default suite" finished-at="2023-07-30T17:00:50 IST" duration-ms="10104">
    <groups>
    </groups>
    <test started-at="2023-07-30T17:00:40 IST" name="Default test" finished-at="2023-07-30T17:00:50 IST" duration-ms="10104">
      <class name="browser">
        <test-method signature="f()[pri:0, instance:browser@7334aada]" started-at="2023-07-30T17:00:40 IST" name="f" finished-at="2023-07-30T17:00:50 IST" duration-ms="10015" status="PASS">
          <reporter-output>
          </reporter-output>
        </test-method> <!-- f -->
      </class> <!-- browser -->
    </test> <!-- Default test -->
  </suite> <!-- Default suite -->
</testng-results>
